<?xml version="1.0" encoding="UTF-8"?>
<!-- Generated by org.testng.reporters.JUnitReportReporter -->
<testsuite hostname="DESKTOP-D3AR52B" name="com.training.scripts.CreateCampaignTest" tests="1" failures="0" timestamp="27 Jan 2020 12:43:34 GMT" time="40.096" errors="0">
  <testcase name="createOrg1" time="40.096" classname="com.training.scripts.CreateCampaignTest"/>
</testsuite> <!-- com.training.scripts.CreateCampaignTest -->
