<?xml version="1.0" encoding="UTF-8"?>
<!-- Generated by org.testng.reporters.JUnitReportReporter -->
<testsuite hostname="DESKTOP-D3AR52B" name="com.training.scripts.CreateOrgTest" tests="1" failures="0" timestamp="27 Jan 2020 12:43:34 GMT" time="41.121" errors="0">
  <testcase name="createOrg" time="41.121" classname="com.training.scripts.CreateOrgTest"/>
</testsuite> <!-- com.training.scripts.CreateOrgTest -->
