<?xml version="1.0" encoding="UTF-8"?>
<!-- Generated by org.testng.reporters.JUnitReportReporter -->
<testsuite hostname="DESKTOP-D3AR52B" name="com.training.scripts.CreateProductTest" tests="1" failures="0" timestamp="27 Jan 2020 12:43:34 GMT" time="34.486" errors="0">
  <testcase name="createProd" time="34.486" classname="com.training.scripts.CreateProductTest"/>
</testsuite> <!-- com.training.scripts.CreateProductTest -->
