<?xml version="1.0" encoding="UTF-8"?>
<!-- Generated by org.testng.reporters.JUnitReportReporter -->
<testsuite hostname="DESKTOP-D3AR52B" name="com.training.scripts.CreateOrganization" tests="1" failures="0" timestamp="24 Jan 2020 05:08:31 GMT" time="115.620" errors="0">
  <testcase name="createOrg" time="115.620" classname="com.training.scripts.CreateOrganization"/>
</testsuite> <!-- com.training.scripts.CreateOrganization -->
