<?xml version="1.0" encoding="UTF-8"?>
<!-- Generated by org.testng.reporters.JUnitReportReporter -->
<testsuite hostname="DESKTOP-D3AR52B" name="com.training.scripts.CreateCampaign" tests="1" failures="0" timestamp="27 Jan 2020 05:02:37 GMT" time="46.537" errors="0">
  <testcase name="createOrg" time="46.537" classname="com.training.scripts.CreateCampaign"/>
</testsuite> <!-- com.training.scripts.CreateCampaign -->
