<?xml version="1.0" encoding="UTF-8"?>
<!-- Generated by org.testng.reporters.JUnitReportReporter -->
<testsuite hostname="DESKTOP-D3AR52B" name="com.training.scripts.CreateOrg" tests="1" failures="0" timestamp="27 Jan 2020 04:43:55 GMT" time="33.027" errors="0">
  <testcase name="createOrg" time="33.027" classname="com.training.scripts.CreateOrg"/>
</testsuite> <!-- com.training.scripts.CreateOrg -->
