<?xml version="1.0" encoding="UTF-8"?>
<!-- Generated by org.testng.reporters.JUnitReportReporter -->
<testsuite hostname="DESKTOP-D3AR52B" name="com.training.database.ReadFromDB" tests="1" failures="0" timestamp="21 Jan 2020 09:41:16 GMT" time="0.263" errors="0">
  <testcase name="sampleTest" time="0.263" classname="com.training.database.ReadFromDB"/>
</testsuite> <!-- com.training.database.ReadFromDB -->
