<?xml version="1.0" encoding="UTF-8"?>
<!-- Generated by org.testng.reporters.JUnitReportReporter -->
<testsuite hostname="DESKTOP-D3AR52B" name="com.training.database.InsertToDB" tests="1" failures="0" timestamp="21 Jan 2020 10:23:09 GMT" time="0.353" errors="0">
  <testcase name="sampleTest" time="0.353" classname="com.training.database.InsertToDB"/>
</testsuite> <!-- com.training.database.InsertToDB -->
